[debug] [2019-10-11T21:31:01.051Z] ----------------------------------------------------------------------
[debug] [2019-10-11T21:31:01.054Z] Command:       D:\Programs\NodeJS\node.exe C:\Users\bacar\AppData\Roaming\npm\node_modules\firebase-tools\lib\bin\firebase.js serve
[debug] [2019-10-11T21:31:01.054Z] CLI Version:   7.3.0
[debug] [2019-10-11T21:31:01.054Z] Platform:      win32
[debug] [2019-10-11T21:31:01.054Z] Node Version:  v11.12.0
[debug] [2019-10-11T21:31:01.129Z] Time:          Fri Oct 11 2019 23:31:01 GMT+0200 (GMT+02:00)
[debug] [2019-10-11T21:31:01.129Z] ----------------------------------------------------------------------
[debug] 
[debug] [2019-10-11T21:31:01.148Z] > command requires scopes: ["email","openid","https://www.googleapis.com/auth/cloudplatformprojects.readonly","https://www.googleapis.com/auth/firebase","https://www.googleapis.com/auth/cloud-platform"]
[debug] [2019-10-11T21:31:01.149Z] > authorizing via signed-in user
[debug] [2019-10-11T21:31:01.149Z] [iam] checking project zkazkaz for permissions ["firebase.projects.get"]
[debug] [2019-10-11T21:31:01.150Z] > refreshing access token with scopes: ["email","https://www.googleapis.com/auth/cloud-platform","https://www.googleapis.com/auth/cloudplatformprojects.readonly","https://www.googleapis.com/auth/firebase","openid"]
[debug] [2019-10-11T21:31:01.150Z] >>> HTTP REQUEST POST https://www.googleapis.com/oauth2/v3/token  
 <request body omitted>
[debug] [2019-10-11T21:31:01.514Z] <<< HTTP RESPONSE 200
[debug] [2019-10-11T21:31:01.526Z] >>> HTTP REQUEST POST https://cloudresourcemanager.googleapis.com/v1/projects/zkazkaz:testIamPermissions  

[debug] [2019-10-11T21:31:02.483Z] <<< HTTP RESPONSE 200
[debug] [2019-10-11T21:31:02.484Z] >>> HTTP REQUEST GET https://firebase.googleapis.com/v1beta1/projects/zkazkaz  
 
[debug] [2019-10-11T21:31:02.790Z] <<< HTTP RESPONSE 200
[info] 
[info] === Serving from 'D:\bacar\Documents\Projekty\zkazkaz-web'...
[info] 
[debug] [2019-10-11T21:31:02.793Z] >>> HTTP REQUEST GET https://firebase.googleapis.com/v1beta1/projects/zkazkaz/webApps/-/config  
 
[debug] [2019-10-11T21:31:03.228Z] <<< HTTP RESPONSE 200
[info] i  hosting: Serving hosting files from: public
[info] +  hosting: Local server: http://localhost:5000
